2026-04-22T15:17:10 | JOIN | {'node_id': 60}
2026-04-22T15:17:10 | JOIN | {'node_id': 60}
2026-04-22T15:17:10 | JOIN | {'node_id': 5}
2026-04-22T15:17:10 | JOIN | {'node_id': 43}
2026-04-22T15:17:10 | JOIN | {'node_id': 8}
2026-04-22T15:18:33 | JOIN | {'node_id': 60}
2026-04-22T15:18:33 | JOIN | {'node_id': 60}
2026-04-22T15:18:33 | JOIN | {'node_id': 5}
2026-04-22T15:18:33 | JOIN | {'node_id': 43}
2026-04-22T15:18:33 | JOIN | {'node_id': 8}
2026-04-22T15:19:12 | JOIN | {'node_id': 60}
2026-04-22T15:19:12 | JOIN | {'node_id': 60}
2026-04-22T15:19:12 | JOIN | {'node_id': 5}
2026-04-22T15:19:12 | JOIN | {'node_id': 43}
2026-04-22T15:19:12 | JOIN | {'node_id': 8}
2026-04-22T15:19:12 | INSERT | {'key': 'file1.txt', 'node_id': 43}
2026-04-22T15:19:12 | INSERT | {'key': 'photo.jpg', 'node_id': 43}
2026-04-22T15:19:12 | INSERT | {'key': 'video.mp4', 'node_id': 60}
2026-04-22T15:19:12 | INSERT | {'key': 'music.mp3', 'node_id': 43}
2026-04-22T15:19:12 | INSERT | {'key': 'doc.pdf', 'node_id': 43}
2026-04-22T15:19:12 | INSERT | {'key': 'data.csv', 'node_id': 43}
2026-04-22T15:19:12 | INSERT | {'key': 'index.html', 'node_id': 43}
2026-04-22T15:19:12 | INSERT | {'key': 'app.py', 'node_id': 43}
2026-04-22T15:19:12 | INSERT | {'key': 'readme.md', 'node_id': 43}
2026-04-22T15:19:12 | INSERT | {'key': 'config.json', 'node_id': 43}
2026-04-22T15:19:12 | LOOKUP | {'key': 'file1.txt', 'path': [5, 8], 'hop_count': 2}
2026-04-22T15:19:12 | LOOKUP | {'key': 'photo.jpg', 'path': [5, 8], 'hop_count': 2}
2026-04-22T15:19:12 | LOOKUP | {'key': 'video.mp4', 'path': [5, 43], 'hop_count': 2}
2026-04-22T15:19:12 | LOOKUP | {'key': 'music.mp3', 'path': [5, 8], 'hop_count': 2}
2026-04-22T15:19:12 | LOOKUP | {'key': 'doc.pdf', 'path': [5, 8], 'hop_count': 2}
2026-04-22T15:19:12 | LOOKUP | {'key': 'data.csv', 'path': [5, 8], 'hop_count': 2}
2026-04-22T15:19:12 | LOOKUP | {'key': 'index.html', 'path': [5, 8], 'hop_count': 2}
2026-04-22T15:19:12 | LOOKUP | {'key': 'app.py', 'path': [5, 8], 'hop_count': 2}
2026-04-22T15:19:12 | LOOKUP | {'key': 'readme.md', 'path': [5, 8], 'hop_count': 2}
2026-04-22T15:19:12 | LOOKUP | {'key': 'config.json', 'path': [5, 8], 'hop_count': 2}
2026-04-22T15:19:12 | LEAVE | {'node_id': 5}
2026-04-22T15:20:21 | JOIN | {'node_id': 49}
2026-04-22T15:20:21 | JOIN | {'node_id': 30}
2026-04-22T15:20:21 | JOIN | {'node_id': 15}
2026-04-22T15:20:21 | JOIN | {'node_id': 37}
2026-04-22T15:20:21 | JOIN | {'node_id': 42}
2026-04-22T15:20:21 | INSERT | {'key': 'file1.txt', 'node_id': 49}
2026-04-22T15:20:21 | INSERT | {'key': 'photo.jpg', 'node_id': 30}
2026-04-22T15:20:21 | INSERT | {'key': 'video.mp4', 'node_id': 49}
2026-04-22T15:20:21 | INSERT | {'key': 'music.mp3', 'node_id': 37}
2026-04-22T15:20:21 | INSERT | {'key': 'doc.pdf', 'node_id': 37}
2026-04-22T15:20:21 | INSERT | {'key': 'data.csv', 'node_id': 15}
2026-04-22T15:20:21 | INSERT | {'key': 'index.html', 'node_id': 37}
2026-04-22T15:20:21 | INSERT | {'key': 'app.py', 'node_id': 15}
2026-04-22T15:20:21 | INSERT | {'key': 'readme.md', 'node_id': 42}
2026-04-22T15:20:21 | INSERT | {'key': 'config.json', 'node_id': 30}
2026-04-22T15:20:21 | LOOKUP | {'key': 'file1.txt', 'path': [15, 37, 42], 'hop_count': 3}
2026-04-22T15:20:21 | LOOKUP | {'key': 'photo.jpg', 'path': [15], 'hop_count': 1}
2026-04-22T15:20:21 | LOOKUP | {'key': 'video.mp4', 'path': [15, 37, 42], 'hop_count': 3}
2026-04-22T15:20:21 | LOOKUP | {'key': 'music.mp3', 'path': [15, 30], 'hop_count': 2}
2026-04-22T15:20:21 | LOOKUP | {'key': 'doc.pdf', 'path': [15, 30], 'hop_count': 2}
2026-04-22T15:20:21 | LOOKUP | {'key': 'data.csv', 'path': [15, 49], 'hop_count': 2}
2026-04-22T15:20:21 | LOOKUP | {'key': 'index.html', 'path': [15, 30], 'hop_count': 2}
2026-04-22T15:20:21 | LOOKUP | {'key': 'app.py', 'path': [15, 49], 'hop_count': 2}
2026-04-22T15:20:21 | LOOKUP | {'key': 'readme.md', 'path': [15, 37], 'hop_count': 2}
2026-04-22T15:20:21 | LOOKUP | {'key': 'config.json', 'path': [15], 'hop_count': 1}
2026-04-22T15:20:21 | LEAVE | {'node_id': 5}
2026-04-22T15:20:31 | JOIN | {'node_id': 49}
2026-04-22T15:20:31 | JOIN | {'node_id': 30}
2026-04-22T15:20:31 | JOIN | {'node_id': 15}
2026-04-22T15:20:31 | JOIN | {'node_id': 37}
2026-04-22T15:20:31 | JOIN | {'node_id': 42}
2026-04-22T15:20:31 | INSERT | {'key': 'file1.txt', 'node_id': 49}
2026-04-22T15:20:31 | INSERT | {'key': 'photo.jpg', 'node_id': 30}
2026-04-22T15:20:31 | INSERT | {'key': 'video.mp4', 'node_id': 49}
2026-04-22T15:20:31 | INSERT | {'key': 'music.mp3', 'node_id': 37}
2026-04-22T15:20:31 | INSERT | {'key': 'doc.pdf', 'node_id': 37}
2026-04-22T15:20:31 | INSERT | {'key': 'data.csv', 'node_id': 15}
2026-04-22T15:20:31 | INSERT | {'key': 'index.html', 'node_id': 37}
2026-04-22T15:20:31 | INSERT | {'key': 'app.py', 'node_id': 15}
2026-04-22T15:20:31 | INSERT | {'key': 'readme.md', 'node_id': 42}
2026-04-22T15:20:31 | INSERT | {'key': 'config.json', 'node_id': 30}
2026-04-22T15:20:31 | LOOKUP | {'key': 'file1.txt', 'path': [15, 37, 42], 'hop_count': 3}
2026-04-22T15:20:31 | LOOKUP | {'key': 'photo.jpg', 'path': [15], 'hop_count': 1}
2026-04-22T15:20:31 | LOOKUP | {'key': 'video.mp4', 'path': [15, 37, 42], 'hop_count': 3}
2026-04-22T15:20:31 | LOOKUP | {'key': 'music.mp3', 'path': [15, 30], 'hop_count': 2}
2026-04-22T15:20:31 | LOOKUP | {'key': 'doc.pdf', 'path': [15, 30], 'hop_count': 2}
2026-04-22T15:20:31 | LOOKUP | {'key': 'data.csv', 'path': [15, 49], 'hop_count': 2}
2026-04-22T15:20:31 | LOOKUP | {'key': 'index.html', 'path': [15, 30], 'hop_count': 2}
2026-04-22T15:20:31 | LOOKUP | {'key': 'app.py', 'path': [15, 49], 'hop_count': 2}
2026-04-22T15:20:31 | LOOKUP | {'key': 'readme.md', 'path': [15, 37], 'hop_count': 2}
2026-04-22T15:20:31 | LOOKUP | {'key': 'config.json', 'path': [15], 'hop_count': 1}
2026-04-22T15:20:31 | LEAVE | {'node_id': 5}
2026-04-22T15:23:48 | JOIN | {'node_id': 49}
2026-04-22T15:23:48 | JOIN | {'node_id': 30}
2026-04-22T15:23:48 | JOIN | {'node_id': 15}
2026-04-22T15:23:48 | JOIN | {'node_id': 37}
2026-04-22T15:23:48 | JOIN | {'node_id': 42}
2026-04-22T15:23:48 | INSERT | {'key': 'file1.txt', 'node_id': 49}
2026-04-22T15:23:48 | INSERT | {'key': 'photo.jpg', 'node_id': 30}
2026-04-22T15:23:48 | INSERT | {'key': 'video.mp4', 'node_id': 49}
2026-04-22T15:23:48 | INSERT | {'key': 'music.mp3', 'node_id': 37}
2026-04-22T15:23:48 | INSERT | {'key': 'doc.pdf', 'node_id': 37}
2026-04-22T15:23:48 | INSERT | {'key': 'data.csv', 'node_id': 15}
2026-04-22T15:23:48 | INSERT | {'key': 'index.html', 'node_id': 37}
2026-04-22T15:23:48 | INSERT | {'key': 'app.py', 'node_id': 15}
2026-04-22T15:23:48 | INSERT | {'key': 'readme.md', 'node_id': 42}
2026-04-22T15:23:48 | INSERT | {'key': 'config.json', 'node_id': 30}
2026-04-22T15:23:48 | LOOKUP | {'key': 'file1.txt', 'path': [15, 37, 42], 'hop_count': 3}
2026-04-22T15:23:48 | LOOKUP | {'key': 'photo.jpg', 'path': [15], 'hop_count': 1}
2026-04-22T15:23:48 | LOOKUP | {'key': 'video.mp4', 'path': [15, 37, 42], 'hop_count': 3}
2026-04-22T15:23:48 | LOOKUP | {'key': 'music.mp3', 'path': [15, 30], 'hop_count': 2}
2026-04-22T15:23:48 | LOOKUP | {'key': 'doc.pdf', 'path': [15, 30], 'hop_count': 2}
2026-04-22T15:23:48 | LOOKUP | {'key': 'data.csv', 'path': [15], 'hop_count': 1}
2026-04-22T15:23:48 | LOOKUP | {'key': 'index.html', 'path': [15, 30], 'hop_count': 2}
2026-04-22T15:23:48 | LOOKUP | {'key': 'app.py', 'path': [15], 'hop_count': 1}
2026-04-22T15:23:48 | LOOKUP | {'key': 'readme.md', 'path': [15, 37], 'hop_count': 2}
2026-04-22T15:23:48 | LOOKUP | {'key': 'config.json', 'path': [15], 'hop_count': 1}
2026-04-22T15:23:48 | LEAVE | {'node_id': 5}
2026-04-22T15:24:34 | JOIN | {'node_id': 49}
2026-04-22T15:24:34 | JOIN | {'node_id': 30}
2026-04-22T15:24:34 | JOIN | {'node_id': 15}
2026-04-22T15:24:34 | JOIN | {'node_id': 37}
2026-04-22T15:24:34 | JOIN | {'node_id': 42}
2026-04-22T15:24:34 | INSERT | {'key': 'file1.txt', 'node_id': 49}
2026-04-22T15:24:34 | INSERT | {'key': 'photo.jpg', 'node_id': 30}
2026-04-22T15:24:34 | INSERT | {'key': 'video.mp4', 'node_id': 49}
2026-04-22T15:24:34 | INSERT | {'key': 'music.mp3', 'node_id': 37}
2026-04-22T15:24:34 | INSERT | {'key': 'doc.pdf', 'node_id': 37}
2026-04-22T15:24:34 | INSERT | {'key': 'data.csv', 'node_id': 15}
2026-04-22T15:24:34 | INSERT | {'key': 'index.html', 'node_id': 37}
2026-04-22T15:24:34 | INSERT | {'key': 'app.py', 'node_id': 15}
2026-04-22T15:24:34 | INSERT | {'key': 'readme.md', 'node_id': 42}
2026-04-22T15:24:34 | INSERT | {'key': 'config.json', 'node_id': 30}
2026-04-22T15:24:34 | LOOKUP | {'key': 'file1.txt', 'path': [15, 37, 42], 'hop_count': 3}
2026-04-22T15:24:34 | LOOKUP | {'key': 'photo.jpg', 'path': [15], 'hop_count': 1}
2026-04-22T15:24:34 | LOOKUP | {'key': 'video.mp4', 'path': [15, 37, 42], 'hop_count': 3}
2026-04-22T15:24:34 | LOOKUP | {'key': 'music.mp3', 'path': [15, 30], 'hop_count': 2}
2026-04-22T15:24:34 | LOOKUP | {'key': 'doc.pdf', 'path': [15, 30], 'hop_count': 2}
2026-04-22T15:24:34 | LOOKUP | {'key': 'data.csv', 'path': [15], 'hop_count': 1}
2026-04-22T15:24:34 | LOOKUP | {'key': 'index.html', 'path': [15, 30], 'hop_count': 2}
2026-04-22T15:24:34 | LOOKUP | {'key': 'app.py', 'path': [15], 'hop_count': 1}
2026-04-22T15:24:34 | LOOKUP | {'key': 'readme.md', 'path': [15, 37], 'hop_count': 2}
2026-04-22T15:24:34 | LOOKUP | {'key': 'config.json', 'path': [15], 'hop_count': 1}
2026-04-22T15:24:34 | LEAVE | {'node_id': 15}
